<?xml version="1.0" encoding="UTF-8"?>
<!-- Generated by org.testng.reporters.JUnitXMLReporter -->
<testsuite hostname="JARVIS" ignored="1" name="Test" tests="27" failures="0" timestamp="2022-05-17T15:57:16 IST" time="44.476" errors="0">
  <testcase name="testCase3" time="2.022" classname="testNG_01.Example01"/>
  <testcase name="div" time="0.002" classname="testNG_01.Example10_param5"/>
  <testcase name="signIn" time="0.002" classname="testNG_01.Example10_param5"/>
  <testcase name="login" time="0.001" classname="testNG_01.Example10_param5"/>
  <testcase name="checkNotification" time="0.002" classname="testNG_01.Example10_param5"/>
  <testcase name="subtr" time="0.002" classname="testNG_01.Example10_param5"/>
  <testcase name="add" time="0.002" classname="testNG_01.Example10_param5"/>
  <testcase name="tc02" time="0.005" classname="testNG_01.Example02"/>
  <testcase name="tc1" time="0.007" classname="testNG_01.Example02"/>
  <testcase name="example" time="0.002" classname="testNG_01.Example12_param7"/>
  <testcase name="login" time="0.006" classname="testNG_01.Example08_param02"/>
  <testcase name="sendMail" time="0.003" classname="testNG_01.Example08_param02"/>
  <testcase name="logOut" time="0.002" classname="testNG_01.Example08_param02"/>
  <testcase name="loginLogoutInActitimeApplication" time="22.489" classname="testNG_01.Exapme05"/>
  <testcase name="tc01" time="0.001" classname="testNG_01.Sample01"/>
  <testcase name="loginPageValidationInActitimeApplication" time="19.762" classname="testNG_01.Example06"/>
  <testcase name="param1" time="0.002" classname="testNG_01.Example07_Param"/>
  <testcase name="param1" time="0.001" classname="testNG_01.Example07_Param"/>
  <testcase name="param1" time="0.001" classname="testNG_01.Example07_Param"/>
  <testcase name="param1" time="0.004" classname="testNG_01.Example07_Param"/>
  <testcase name="param1" time="0.005" classname="testNG_01.Example07_Param"/>
  <testcase name="signIn" time="0.001" classname="testNG_01.Example09_param4"/>
  <testcase name="login" time="0.001" classname="testNG_01.Example09_param4"/>
  <testcase name="sendmail" time="0.001" classname="testNG_01.Example09_param4"/>
  <testcase name="param1" time="0.001" classname="testNG_01.Example08_param3"/>
  <testcase name="param3" time="0.001" classname="testNG_01.Example08_param3"/>
  <testcase name="sample1" time="0.001" classname="testNG_01.sample02"/>
  <testcase name="param2" time="0.0" classname="testNG_01.Example08_param3">
    <ignored/>
  </testcase> <!-- param2 -->
</testsuite> <!-- Test -->
