<?xml version="1.0" encoding="UTF-8"?>
<!-- Generated by org.testng.reporters.JUnitXMLReporter -->
<testsuite hostname="JARVIS" ignored="2" name="testing" tests="3" failures="0" timestamp="2022-05-10T17:37:34 IST" time="0.067" errors="0">
  <testcase name="testFour" time="0.01" classname="testNgAdvXML.GroupExamples"/>
  <testcase name="testOne" time="0.001" classname="testNgAdvXML.GroupExamples"/>
  <testcase name="testThree" time="0.002" classname="testNgAdvXML.GroupExamples"/>
  <testcase name="testFive" time="0.0" classname="testNgAdvXML.GroupExamples">
    <ignored/>
  </testcase> <!-- testFive -->
  <testcase name="testTwo" time="0.0" classname="testNgAdvXML.GroupExamples">
    <ignored/>
  </testcase> <!-- testTwo -->
</testsuite> <!-- testing -->
