<?xml version="1.0" encoding="UTF-8" ?>
<testsuite tests="27" failures="0" name="TestSuite" time="44.234" errors="0" skipped="0">
  <properties>
[...]
</properties>
  <testcase classname="testNG_01.Example01" name="testCase3" time="2.025"/>
  <testcase classname="testNG_01.Example10_param5" name="div" time="0.009"/>
  <testcase classname="testNG_01.Example10_param5" name="signIn" time="0"/>
  <testcase classname="testNG_01.Example02" name="tc02" time="0"/>
  <testcase classname="testNG_01.Example02" name="tc1" time="0"/>
  <testcase classname="testNG_01.Example12_param7" name="example" time="0.002"/>
  <testcase classname="testNG_01.Exapme05" name="loginLogoutInActitimeApplication" time="29.266"/>
  <testcase classname="testNG_01.Sample01" name="tc01" time="0"/>
  <testcase classname="testNG_01.Example06" name="loginPageValidationInActitimeApplication" time="12.928"/>
  <testcase classname="testNG_01.Example07_Param" name="param1" time="0.001"/>
  <testcase classname="testNG_01.Example07_Param" name="param1" time="0.001"/>
  <testcase classname="testNG_01.Example07_Param" name="param1" time="0"/>
  <testcase classname="testNG_01.Example07_Param" name="param1" time="0"/>
  <testcase classname="testNG_01.Example07_Param" name="param1" time="0.001"/>
  <testcase classname="testNG_01.Example09_param4" name="signIn" time="0"/>
  <testcase classname="testNG_01.Example08_param3" name="param1" time="0"/>
  <testcase classname="testNG_01.Example08_param3" name="param3" time="0"/>
  <testcase classname="testNG_01.sample02" name="sample1" time="0"/>
  <testcase classname="testNG_01.Example08_param02" name="login" time="0.001"/>
  <testcase classname="testNG_01.Example08_param02" name="sendMail" time="0"/>
  <testcase classname="testNG_01.Example08_param02" name="logOut" time="0"/>
  <testcase classname="testNG_01.Example10_param5" name="login" time="0"/>
  <testcase classname="testNG_01.Example10_param5" name="subtr" time="0"/>
  <testcase classname="testNG_01.Example09_param4" name="login" time="0"/>
  <testcase classname="testNG_01.Example10_param5" name="checkNotification" time="0"/>
  <testcase classname="testNG_01.Example10_param5" name="add" time="0"/>
  <testcase classname="testNG_01.Example09_param4" name="sendmail" time="0"/>
</testsuite>