<?xml version="1.0" encoding="UTF-8"?>
<testng-results skipped="0" failed="0" ignored="0" total="1" passed="1">
  <reporter-output>
  </reporter-output>
  <suite name="Default suite" duration-ms="37895" started-at="2022-05-03T15:40:37 IST" finished-at="2022-05-03T15:41:15 IST">
    <groups>
    </groups>
    <test name="Default test" duration-ms="37895" started-at="2022-05-03T15:40:37 IST" finished-at="2022-05-03T15:41:15 IST">
      <class name="pack_01.Vtiger_EndToEnd">
        <test-method status="PASS" signature="vtigerEndToEnd()[pri:0, instance:pack_01.Vtiger_EndToEnd@7dc0f706]" name="vtigerEndToEnd" duration-ms="37846" started-at="2022-05-03T15:40:37 IST" finished-at="2022-05-03T15:41:15 IST">
          <reporter-output>
          </reporter-output>
        </test-method> <!-- vtigerEndToEnd -->
      </class> <!-- pack_01.Vtiger_EndToEnd -->
    </test> <!-- Default test -->
  </suite> <!-- Default suite -->
</testng-results>
